{"/Users/mzc/Documents/project_self/vue-jest/src/components/HelloWorld.vue": {"path":"/Users/mzc/Documents/project_self/vue-jest/src/components/HelloWorld.vue","statementMap":{"0":{"start":{"line":8,"column":14},"end":{"line":8,"column":18}}},"fnMap":{},"branchMap":{},"s":{"0":0},"f":{},"b":{}}
,"/Users/mzc/Documents/project_self/vue-jest/src/components/index.js": {"path":"/Users/mzc/Documents/project_self/vue-jest/src/components/index.js","statementMap":{"0":{"start":{"line":6,"column":18},"end":{"line":10,"column":1}},"1":{"start":{"line":8,"column":4},"end":{"line":8,"column":42}}},"fnMap":{"0":{"name":"(anonymous_0)","decl":{"start":{"line":7,"column":11},"end":{"line":7,"column":12}},"loc":{"start":{"line":7,"column":26},"end":{"line":9,"column":3}},"line":7}},"branchMap":{},"s":{"0":0,"1":0},"f":{"0":0},"b":{}}
,"/Users/mzc/Documents/project_self/vue-jest/src/components/IconFont/index.vue": {"path":"/Users/mzc/Documents/project_self/vue-jest/src/components/IconFont/index.vue","statementMap":{"0":{"start":{"line":42,"column":15},"end":{"line":42,"column":null}},"1":{"start":{"line":60,"column":24},"end":{"line":60,"column":null}},"2":{"start":{"line":61,"column":6},"end":{"line":63,"column":null}},"3":{"start":{"line":62,"column":8},"end":{"line":62,"column":17}},"4":{"start":{"line":64,"column":6},"end":{"line":64,"column":13}},"5":{"start":{"line":69,"column":6},"end":{"line":69,"column":11}},"6":{"start":{"line":72,"column":20},"end":{"line":72,"column":null}},"7":{"start":{"line":73,"column":6},"end":{"line":73,"column":11}},"8":{"start":{"line":75,"column":6},"end":{"line":75,"column":13}}},"fnMap":{"0":{"name":"(anonymous_0)","decl":{"start":{"line":59,"column":4},"end":{"line":59,"column":16}},"loc":{"start":{"line":59,"column":20},"end":{"line":65,"column":null}}},"1":{"name":"(anonymous_1)","decl":{"start":{"line":68,"column":4},"end":{"line":68,"column":15}},"loc":{"start":{"line":68,"column":19},"end":{"line":70,"column":null}}},"2":{"name":"(anonymous_2)","decl":{"start":{"line":71,"column":4},"end":{"line":71,"column":12}},"loc":{"start":{"line":71,"column":16},"end":{"line":76,"column":null}}}},"branchMap":{"0":{"loc":{"start":{"line":61,"column":6},"end":{"line":63,"column":null}},"type":"if","locations":[{"start":{"line":61,"column":6},"end":{"line":63,"column":null}}]},"1":{"loc":{"start":{"line":73,"column":6},"end":{"line":73,"column":11}},"type":"binary-expr","locations":[{"start":{"line":73,"column":6},"end":{"line":73,"column":null}},{"start":{"line":74,"column":7},"end":{"line":74,"column":null}}]}},"s":{"0":1,"1":2,"2":2,"3":1,"4":2,"5":0,"6":2,"7":2,"8":2},"f":{"0":2,"1":0,"2":2},"b":{"0":[1],"1":[2,0]}}
}
