TN:
SF:src/components/HelloWorld.vue
FNF:0
FNH:0
DA:8,0
LF:1
LH:0
BRF:0
BRH:0
end_of_record
TN:
SF:src/components/index.js
FN:7,(anonymous_0)
FNF:1
FNH:0
FNDA:0,(anonymous_0)
DA:6,0
DA:8,0
LF:2
LH:0
BRF:0
BRH:0
end_of_record
TN:
SF:src/components/IconFont/index.vue
FN:59,(anonymous_0)
FN:68,(anonymous_1)
FN:71,(anonymous_2)
FNF:3
FNH:2
FNDA:2,(anonymous_0)
FNDA:0,(anonymous_1)
FNDA:2,(anonymous_2)
DA:42,1
DA:60,2
DA:61,2
DA:62,1
DA:64,2
DA:69,0
DA:72,2
DA:73,2
DA:75,2
LF:9
LH:8
BRDA:61,0,0,1
BRDA:73,1,0,2
BRDA:73,1,1,0
BRF:3
BRH:2
end_of_record
